#
# There is insufficient memory for the Java Runtime Environment to continue.
# Native memory allocation (malloc) failed to allocate 775376 bytes for Chunk::new
# Possible reasons:
#   The system is out of physical RAM or swap space
#   The process is running with CompressedOops enabled, and the Java Heap may be blocking the growth of the native heap
# Possible solutions:
#   Reduce memory load on the system
#   Increase physical memory or swap space
#   Check if swap backing store is full
#   Decrease Java heap size (-Xmx/-Xms)
#   Decrease number of Java threads
#   Decrease Java thread stack sizes (-Xss)
#   Set larger code cache with -XX:ReservedCodeCacheSize=
#   JVM is running with Unscaled Compressed Oops mode in which the Java heap is
#     placed in the first 4GB address space. The Java Heap base address is the
#     maximum limit for the native heap growth. Please use -XX:HeapBaseMinAddress
#     to set the Java Heap base and to place the Java Heap above 4GB virtual address.
# This output file may be truncated or incomplete.
#
#  Out of Memory Error (allocation.cpp:389), pid=9768, tid=0x0000000000000c68
#
# JRE version: Java(TM) SE Runtime Environment (8.0_231-b11) (build 1.8.0_231-b11)
# Java VM: Java HotSpot(TM) 64-Bit Server VM (25.231-b11 mixed mode windows-amd64 compressed oops)
# Failed to write core dump. Minidumps are not enabled by default on client versions of Windows
#

---------------  T H R E A D  ---------------

Current thread (0x0000000017edc800):  JavaThread "C2 CompilerThread1" daemon [_thread_in_native, id=3176, stack(0x0000000019630000,0x0000000019730000)]

Stack: [0x0000000019630000,0x0000000019730000]
[error occurred during error reporting (printing stack bounds), id 0xc0000005]

Native frames: (J=compiled Java code, j=interpreted, Vv=VM code, C=native code)


Current CompileTask:
C2:  14704 4622       4       java.lang.reflect.Method::getAnnotation (6 bytes)


---------------  P R O C E S S  ---------------

Java Threads: ( => current thread )
  0x000000001b43b000 JavaThread "HikariPool-1 connection adder" daemon [_thread_blocked, id=848, stack(0x0000000021530000,0x0000000021630000)]
  0x000000001b441000 JavaThread "HikariPool-1 housekeeper" daemon [_thread_blocked, id=1344, stack(0x0000000021170000,0x0000000021270000)]
  0x000000001b43d000 JavaThread "container-0" [_thread_blocked, id=10892, stack(0x0000000020c70000,0x0000000020d70000)]
  0x000000001b441800 JavaThread "Catalina-utility-2" [_thread_blocked, id=11352, stack(0x000000001f350000,0x000000001f450000)]
  0x000000001b440000 JavaThread "Catalina-utility-1" [_thread_blocked, id=7028, stack(0x000000001bc60000,0x000000001bd60000)]
  0x000000001b43e800 JavaThread "spring.cloud.inetutils" daemon [_thread_in_native, id=13736, stack(0x000000001b760000,0x000000001b860000)]
  0x0000000019868800 JavaThread "Service Thread" daemon [_thread_blocked, id=11824, stack(0x0000000019c30000,0x0000000019d30000)]
  0x0000000017ee9000 JavaThread "C1 CompilerThread2" daemon [_thread_blocked, id=13256, stack(0x0000000019730000,0x0000000019830000)]
=>0x0000000017edc800 JavaThread "C2 CompilerThread1" daemon [_thread_in_native, id=3176, stack(0x0000000019630000,0x0000000019730000)]
  0x0000000017eda800 JavaThread "C2 CompilerThread0" daemon [_thread_in_native, id=6816, stack(0x0000000019530000,0x0000000019630000)]
  0x0000000017ed8800 JavaThread "Attach Listener" daemon [_thread_blocked, id=14204, stack(0x0000000019430000,0x0000000019530000)]
  0x0000000017ed7000 JavaThread "Signal Dispatcher" daemon [_thread_blocked, id=8540, stack(0x0000000019330000,0x0000000019430000)]
  0x0000000017ec0000 JavaThread "Finalizer" daemon [_thread_blocked, id=7456, stack(0x0000000019120000,0x0000000019220000)]
  0x00000000033d8000 JavaThread "Reference Handler" daemon [_thread_blocked, id=9636, stack(0x0000000019020000,0x0000000019120000)]
  0x00000000032e8800 JavaThread "main" [_thread_in_Java, id=5248, stack(0x0000000003150000,0x0000000003250000)]

Other Threads:
  0x0000000017e97800 VMThread [stack: 0x0000000018f20000,0x0000000019020000] [id=5880]
  0x0000000017f2d000 WatcherThread [stack: 0x0000000019d30000,0x0000000019e30000] [id=5708]

VM state:not at safepoint (normal execution)

VM Mutex/Monitor currently owned by a thread: None

heap address: 0x0000000082000000, size: 2016 MB, Compressed Oops mode: 32-bit
Narrow klass base: 0x0000000000000000, Narrow klass shift: 3
Compressed class space size: 1073741824 Address: 0x0000000100000000

Heap:
 PSYoungGen      total 136192K, used 39848K [0x00000000d6000000, 0x00000000dea00000, 0x0000000100000000)
  eden space 131072K, 26% used [0x00000000d6000000,0x00000000d81f22f8,0x00000000de000000)
  from space 5120K, 99% used [0x00000000de500000,0x00000000de9f8050,0x00000000dea00000)
  to   space 5120K, 0% used [0x00000000de000000,0x00000000de000000,0x00000000de500000)
 ParOldGen       total 70656K, used 34197K [0x0000000082000000, 0x0000000086500000, 0x00000000d6000000)
  object space 70656K, 48% used [0x0000000082000000,0x00000000841655d8,0x0000000086500000)
 Metaspace       used 53703K, capacity 56078K, committed 56448K, reserved 1097728K
  class space    used 7380K, capacity 7801K, committed 7808K, reserved 1048576K

Card table byte_map: [0x00000000127a0000,0x0000000012ba0000] byte_map_base: 0x0000000012390000

Marking Bits: (ParMarkBitMap*) 0x0000000076596d90
 Begin Bits: [0x0000000013240000, 0x00000000151c0000)
 End Bits:   [0x00000000151c0000, 0x0000000017140000)

Polling page: 0x0000000001320000

CodeCache: size=245760Kb used=13968Kb max_used=14687Kb free=231791Kb
 bounds [0x00000000033e0000, 0x0000000004250000, 0x00000000123e0000]
 total_blobs=4642 nmethods=4131 adapters=423
 compilation: enabled

Compilation events (10 events):
Event: 14.661 Thread 0x0000000017ee9000 4709       3       org.jboss.logging.Logger::join (112 bytes)
Event: 14.663 Thread 0x0000000017ee9000 nmethod 4709 0x0000000003af8e50 code [0x0000000003af91e0, 0x0000000003afb438]
Event: 14.665 Thread 0x0000000017ee9000 4710       3       java.util.Arrays::equals (54 bytes)
Event: 14.665 Thread 0x0000000017ee9000 nmethod 4710 0x00000000039a7e90 code [0x00000000039a8000, 0x00000000039a8370]
Event: 14.697 Thread 0x0000000017ee9000 4711       3       java.util.Collections$UnmodifiableMap$UnmodifiableEntrySet$UnmodifiableEntry::getValue (10 bytes)
Event: 14.697 Thread 0x0000000017ee9000 nmethod 4711 0x0000000003af89d0 code [0x0000000003af8b40, 0x0000000003af8d68]
Event: 14.697 Thread 0x0000000017ee9000 4712       3       java.util.Collections$UnmodifiableMap$UnmodifiableEntrySet$UnmodifiableEntry::getKey (10 bytes)
Event: 14.697 Thread 0x0000000017ee9000 nmethod 4712 0x00000000039204d0 code [0x0000000003920640, 0x0000000003920868]
Event: 14.698 Thread 0x0000000017ee9000 4713       3       java.util.Collections$UnmodifiableMap$UnmodifiableEntrySet$1::next (5 bytes)
Event: 14.698 Thread 0x0000000017ee9000 nmethod 4713 0x00000000039a73d0 code [0x00000000039a7580, 0x00000000039a7b98]

GC Heap History (10 events):
Event: 9.055 GC heap before
{Heap before GC invocations=8 (full 1):
 PSYoungGen      total 136192K, used 60521K [0x00000000d6000000, 0x00000000dea00000, 0x0000000100000000)
  eden space 131072K, 42% used [0x00000000d6000000,0x00000000d961cec8,0x00000000de000000)
  from space 5120K, 99% used [0x00000000de500000,0x00000000de9fd6e0,0x00000000dea00000)
  to   space 5120K, 0% used [0x00000000de000000,0x00000000de000000,0x00000000de500000)
 ParOldGen       total 48640K, used 15298K [0x0000000082000000, 0x0000000084f80000, 0x00000000d6000000)
  object space 48640K, 31% used [0x0000000082000000,0x0000000082ef0980,0x0000000084f80000)
 Metaspace       used 33886K, capacity 35294K, committed 35456K, reserved 1079296K
  class space    used 4584K, capacity 4879K, committed 4992K, reserved 1048576K
Event: 9.075 GC heap after
Heap after GC invocations=8 (full 1):
 PSYoungGen      total 136192K, used 5104K [0x00000000d6000000, 0x00000000dea00000, 0x0000000100000000)
  eden space 131072K, 0% used [0x00000000d6000000,0x00000000d6000000,0x00000000de000000)
  from space 5120K, 99% used [0x00000000de000000,0x00000000de4fc020,0x00000000de500000)
  to   space 5120K, 0% used [0x00000000de500000,0x00000000de500000,0x00000000dea00000)
 ParOldGen       total 48640K, used 19776K [0x0000000082000000, 0x0000000084f80000, 0x00000000d6000000)
  object space 48640K, 40% used [0x0000000082000000,0x0000000083350040,0x0000000084f80000)
 Metaspace       used 33886K, capacity 35294K, committed 35456K, reserved 1079296K
  class space    used 4584K, capacity 4879K, committed 4992K, reserved 1048576K
}
Event: 9.075 GC heap before
{Heap before GC invocations=9 (full 2):
 PSYoungGen      total 136192K, used 5104K [0x00000000d6000000, 0x00000000dea00000, 0x0000000100000000)
  eden space 131072K, 0% used [0x00000000d6000000,0x00000000d6000000,0x00000000de000000)
  from space 5120K, 99% used [0x00000000de000000,0x00000000de4fc020,0x00000000de500000)
  to   space 5120K, 0% used [0x00000000de500000,0x00000000de500000,0x00000000dea00000)
 ParOldGen       total 48640K, used 19776K [0x0000000082000000, 0x0000000084f80000, 0x00000000d6000000)
  object space 48640K, 40% used [0x0000000082000000,0x0000000083350040,0x0000000084f80000)
 Metaspace       used 33886K, capacity 35294K, committed 35456K, reserved 1079296K
  class space    used 4584K, capacity 4879K, committed 4992K, reserved 1048576K
Event: 9.190 GC heap after
Heap after GC invocations=9 (full 2):
 PSYoungGen      total 136192K, used 0K [0x00000000d6000000, 0x00000000dea00000, 0x0000000100000000)
  eden space 131072K, 0% used [0x00000000d6000000,0x00000000d6000000,0x00000000de000000)
  from space 5120K, 0% used [0x00000000de000000,0x00000000de000000,0x00000000de500000)
  to   space 5120K, 0% used [0x00000000de500000,0x00000000de500000,0x00000000dea00000)
 ParOldGen       total 70656K, used 17410K [0x0000000082000000, 0x0000000086500000, 0x00000000d6000000)
  object space 70656K, 24% used [0x0000000082000000,0x0000000083100a58,0x0000000086500000)
 Metaspace       used 33886K, capacity 35294K, committed 35456K, reserved 1079296K
  class space    used 4584K, capacity 4879K, committed 4992K, reserved 1048576K
}
Event: 10.501 GC heap before
{Heap before GC invocations=10 (full 2):
 PSYoungGen      total 136192K, used 131072K [0x00000000d6000000, 0x00000000dea00000, 0x0000000100000000)
  eden space 131072K, 100% used [0x00000000d6000000,0x00000000de000000,0x00000000de000000)
  from space 5120K, 0% used [0x00000000de000000,0x00000000de000000,0x00000000de500000)
  to   space 5120K, 0% used [0x00000000de500000,0x00000000de500000,0x00000000dea00000)
 ParOldGen       total 70656K, used 17410K [0x0000000082000000, 0x0000000086500000, 0x00000000d6000000)
  object space 70656K, 24% used [0x0000000082000000,0x0000000083100a58,0x0000000086500000)
 Metaspace       used 39004K, capacity 40942K, committed 41216K, reserved 1085440K
  class space    used 5250K, capacity 5601K, committed 5632K, reserved 1048576K
Event: 10.513 GC heap after
Heap after GC invocations=10 (full 2):
 PSYoungGen      total 136192K, used 5088K [0x00000000d6000000, 0x00000000dea00000, 0x0000000100000000)
  eden space 131072K, 0% used [0x00000000d6000000,0x00000000d6000000,0x00000000de000000)
  from space 5120K, 99% used [0x00000000de500000,0x00000000de9f8328,0x00000000dea00000)
  to   space 5120K, 0% used [0x00000000de000000,0x00000000de000000,0x00000000de500000)
 ParOldGen       total 70656K, used 19883K [0x0000000082000000, 0x0000000086500000, 0x00000000d6000000)
  object space 70656K, 28% used [0x0000000082000000,0x000000008336acf0,0x0000000086500000)
 Metaspace       used 39004K, capacity 40942K, committed 41216K, reserved 1085440K
  class space    used 5250K, capacity 5601K, committed 5632K, reserved 1048576K
}
Event: 13.082 GC heap before
{Heap before GC invocations=11 (full 2):
 PSYoungGen      total 136192K, used 136160K [0x00000000d6000000, 0x00000000dea00000, 0x0000000100000000)
  eden space 131072K, 100% used [0x00000000d6000000,0x00000000de000000,0x00000000de000000)
  from space 5120K, 99% used [0x00000000de500000,0x00000000de9f8328,0x00000000dea00000)
  to   space 5120K, 0% used [0x00000000de000000,0x00000000de000000,0x00000000de500000)
 ParOldGen       total 70656K, used 19883K [0x0000000082000000, 0x0000000086500000, 0x00000000d6000000)
  object space 70656K, 28% used [0x0000000082000000,0x000000008336acf0,0x0000000086500000)
 Metaspace       used 41645K, capacity 43868K, committed 44032K, reserved 1087488K
  class space    used 5618K, capacity 6026K, committed 6144K, reserved 1048576K
Event: 13.099 GC heap after
Heap after GC invocations=11 (full 2):
 PSYoungGen      total 136192K, used 5096K [0x00000000d6000000, 0x00000000dea00000, 0x0000000100000000)
  eden space 131072K, 0% used [0x00000000d6000000,0x00000000d6000000,0x00000000de000000)
  from space 5120K, 99% used [0x00000000de000000,0x00000000de4fa2f8,0x00000000de500000)
  to   space 5120K, 0% used [0x00000000de500000,0x00000000de500000,0x00000000dea00000)
 ParOldGen       total 70656K, used 24485K [0x0000000082000000, 0x0000000086500000, 0x00000000d6000000)
  object space 70656K, 34% used [0x0000000082000000,0x00000000837e97a0,0x0000000086500000)
 Metaspace       used 41645K, capacity 43868K, committed 44032K, reserved 1087488K
  class space    used 5618K, capacity 6026K, committed 6144K, reserved 1048576K
}
Event: 14.338 GC heap before
{Heap before GC invocations=12 (full 2):
 PSYoungGen      total 136192K, used 136168K [0x00000000d6000000, 0x00000000dea00000, 0x0000000100000000)
  eden space 131072K, 100% used [0x00000000d6000000,0x00000000de000000,0x00000000de000000)
  from space 5120K, 99% used [0x00000000de000000,0x00000000de4fa2f8,0x00000000de500000)
  to   space 5120K, 0% used [0x00000000de500000,0x00000000de500000,0x00000000dea00000)
 ParOldGen       total 70656K, used 24485K [0x0000000082000000, 0x0000000086500000, 0x00000000d6000000)
  object space 70656K, 34% used [0x0000000082000000,0x00000000837e97a0,0x0000000086500000)
 Metaspace       used 51240K, capacity 53580K, committed 53888K, reserved 1095680K
  class space    used 7074K, capacity 7506K, committed 7552K, reserved 1048576K
Event: 14.362 GC heap after
Heap after GC invocations=12 (full 2):
 PSYoungGen      total 136192K, used 5088K [0x00000000d6000000, 0x00000000dea00000, 0x0000000100000000)
  eden space 131072K, 0% used [0x00000000d6000000,0x00000000d6000000,0x00000000de000000)
  from space 5120K, 99% used [0x00000000de500000,0x00000000de9f8050,0x00000000dea00000)
  to   space 5120K, 0% used [0x00000000de000000,0x00000000de000000,0x00000000de500000)
 ParOldGen       total 70656K, used 34197K [0x0000000082000000, 0x0000000086500000, 0x00000000d6000000)
  object space 70656K, 48% used [0x0000000082000000,0x00000000841655d8,0x0000000086500000)
 Metaspace       used 51240K, capacity 53580K, committed 53888K, reserved 1095680K
  class space    used 7074K, capacity 7506K, committed 7552K, reserved 1048576K
}

Deoptimization events (10 events):
Event: 13.948 Thread 0x00000000032e8800 Uncommon trap: reason=class_check action=maybe_recompile pc=0x0000000003d66f94 method=java.util.AbstractList$Itr.hasNext()Z @ 8
Event: 13.950 Thread 0x00000000032e8800 Uncommon trap: reason=class_check action=maybe_recompile pc=0x0000000003d66f94 method=java.util.AbstractList$Itr.hasNext()Z @ 8
Event: 13.950 Thread 0x00000000032e8800 Uncommon trap: reason=class_check action=maybe_recompile pc=0x0000000003d66f94 method=java.util.AbstractList$Itr.hasNext()Z @ 8
Event: 13.980 Thread 0x00000000032e8800 Uncommon trap: reason=array_check action=maybe_recompile pc=0x00000000038fb980 method=java.util.AbstractCollection.toArray([Ljava/lang/Object;)[Ljava/lang/Object; @ 119
Event: 14.060 Thread 0x00000000032e8800 Uncommon trap: reason=unstable_if action=reinterpret pc=0x00000000038903d4 method=java.lang.ClassLoader.getClassLoadingLock(Ljava/lang/String;)Ljava/lang/Object; @ 6
Event: 14.210 Thread 0x00000000032e8800 Uncommon trap: reason=array_check action=maybe_recompile pc=0x00000000038fb980 method=java.util.AbstractCollection.toArray([Ljava/lang/Object;)[Ljava/lang/Object; @ 119
Event: 14.210 Thread 0x00000000032e8800 Uncommon trap: reason=array_check action=maybe_recompile pc=0x00000000038fb980 method=java.util.AbstractCollection.toArray([Ljava/lang/Object;)[Ljava/lang/Object; @ 119
Event: 14.365 Thread 0x0000000019868800 Uncommon trap: reason=speculate_class_check action=maybe_recompile pc=0x00000000041cc1d8 method=java.util.AbstractList.listIterator()Ljava/util/ListIterator; @ 2
Event: 14.370 Thread 0x00000000032e8800 Uncommon trap: reason=unstable_if action=reinterpret pc=0x0000000003bdf024 method=java.lang.String.regionMatches(ZILjava/lang/String;II)Z @ 102
Event: 14.394 Thread 0x00000000032e8800 Uncommon trap: reason=array_check action=maybe_recompile pc=0x00000000038fb980 method=java.util.AbstractCollection.toArray([Ljava/lang/Object;)[Ljava/lang/Object; @ 119

Classes redefined (0 events):
No events

Internal exceptions (10 events):
Event: 13.564 Thread 0x00000000032e8800 Exception <a 'java/lang/ClassNotFoundException': org/springframework/beans/factory/BeanClassLoaderAwareCustomizer> (0x00000000d8c98848) thrown at [C:\re\workspace\8-2-build-windows-amd64-cygwin\jdk8u231\13620\hotspot\src\share\vm\classfile\systemDictionar
Event: 13.565 Thread 0x00000000032e8800 Exception <a 'java/lang/ClassNotFoundException': org/springframework/beans/factory/AwareCustomizer> (0x00000000d8cb9778) thrown at [C:\re\workspace\8-2-build-windows-amd64-cygwin\jdk8u231\13620\hotspot\src\share\vm\classfile\systemDictionary.cpp, line 210
Event: 13.565 Thread 0x00000000032e8800 Exception <a 'java/lang/ClassNotFoundException': org/springframework/beans/factory/BeanFactoryAwareCustomizer> (0x00000000d8cded60) thrown at [C:\re\workspace\8-2-build-windows-amd64-cygwin\jdk8u231\13620\hotspot\src\share\vm\classfile\systemDictionary.cp
Event: 13.565 Thread 0x00000000032e8800 Exception <a 'java/lang/ClassNotFoundException': org/springframework/beans/factory/AwareCustomizer> (0x00000000d8d00218) thrown at [C:\re\workspace\8-2-build-windows-amd64-cygwin\jdk8u231\13620\hotspot\src\share\vm\classfile\systemDictionary.cpp, line 210
Event: 13.566 Thread 0x00000000032e8800 Exception <a 'java/lang/ClassNotFoundException': org/springframework/beans/factory/BeanNameAwareCustomizer> (0x00000000d8d23b48) thrown at [C:\re\workspace\8-2-build-windows-amd64-cygwin\jdk8u231\13620\hotspot\src\share\vm\classfile\systemDictionary.cpp, 
Event: 13.566 Thread 0x00000000032e8800 Exception <a 'java/lang/ClassNotFoundException': org/springframework/beans/factory/AwareCustomizer> (0x00000000d8d44ac0) thrown at [C:\re\workspace\8-2-build-windows-amd64-cygwin\jdk8u231\13620\hotspot\src\share\vm\classfile\systemDictionary.cpp, line 210
Event: 13.566 Thread 0x00000000032e8800 Exception <a 'java/lang/ClassNotFoundException': org/springframework/beans/factory/InitializingBeanCustomizer> (0x00000000d8d6a0a0) thrown at [C:\re\workspace\8-2-build-windows-amd64-cygwin\jdk8u231\13620\hotspot\src\share\vm\classfile\systemDictionary.cp
Event: 13.567 Thread 0x00000000032e8800 Exception <a 'java/lang/ClassNotFoundException': org/springframework/beans/factory/DisposableBeanCustomizer> (0x00000000d8d8e368) thrown at [C:\re\workspace\8-2-build-windows-amd64-cygwin\jdk8u231\13620\hotspot\src\share\vm\classfile\systemDictionary.cpp,
Event: 13.567 Thread 0x00000000032e8800 Exception <a 'java/lang/ClassNotFoundException': org/springframework/orm/jpa/EntityManagerFactoryInfoCustomizer> (0x00000000d8db4fd0) thrown at [C:\re\workspace\8-2-build-windows-amd64-cygwin\jdk8u231\13620\hotspot\src\share\vm\classfile\systemDictionary.
Event: 13.567 Thread 0x00000000032e8800 Exception <a 'java/lang/ClassNotFoundException': org/springframework/dao/support/PersistenceExceptionTranslatorCustomizer> (0x00000000d8dec9f0) thrown at [C:\re\workspace\8-2-build-windows-amd64-cygwin\jdk8u231\13620\hotspot\src\share\vm\classfile\systemD

Events (10 events):
Event: 14.696 loading class org/hibernate/tuple/entity/DynamicMapEntityTuplizer
Event: 14.696 loading class org/hibernate/tuple/entity/DynamicMapEntityTuplizer done
Event: 14.698 loading class org/hibernate/Interceptor
Event: 14.698 loading class org/hibernate/Interceptor done
Event: 14.699 loading class org/hibernate/resource/jdbc/spi/StatementInspector
Event: 14.699 loading class org/hibernate/resource/jdbc/spi/StatementInspector done
Event: 14.700 loading class org/hibernate/cfg/BaselineSessionEventsListenerBuilder
Event: 14.700 loading class org/hibernate/cfg/BaselineSessionEventsListenerBuilder done
Event: 14.700 loading class org/hibernate/CustomEntityDirtinessStrategy
Event: 14.700 loading class org/hibernate/CustomEntityDirtinessStrategy done


Dynamic libraries:
0x00007ff6ef640000 - 0x00007ff6ef677000 	C:\Program Files\Java\jre1.8.0_231\bin\javaw.exe
0x00007ffb85b40000 - 0x00007ffb85d30000 	C:\Windows\SYSTEM32\ntdll.dll
0x00007ffb84a30000 - 0x00007ffb84ae2000 	C:\Windows\System32\KERNEL32.DLL
0x00007ffb82dd0000 - 0x00007ffb83073000 	C:\Windows\System32\KERNELBASE.dll
0x00007ffb84f30000 - 0x00007ffb84fd3000 	C:\Windows\System32\ADVAPI32.dll
0x00007ffb84920000 - 0x00007ffb849be000 	C:\Windows\System32\msvcrt.dll
0x00007ffb85260000 - 0x00007ffb852f7000 	C:\Windows\System32\sechost.dll
0x00007ffb84ca0000 - 0x00007ffb84dc0000 	C:\Windows\System32\RPCRT4.dll
0x00007ffb85950000 - 0x00007ffb85ae4000 	C:\Windows\System32\USER32.dll
0x00007ffb82d00000 - 0x00007ffb82d21000 	C:\Windows\System32\win32u.dll
0x00007ffb85790000 - 0x00007ffb857b6000 	C:\Windows\System32\GDI32.dll
0x00007ffb830d0000 - 0x00007ffb83264000 	C:\Windows\System32\gdi32full.dll
0x00007ffb82d30000 - 0x00007ffb82dce000 	C:\Windows\System32\msvcp_win.dll
0x00007ffb82b80000 - 0x00007ffb82c7a000 	C:\Windows\System32\ucrtbase.dll
0x00007ffb73000000 - 0x00007ffb73285000 	C:\Windows\WinSxS\amd64_microsoft.windows.common-controls_6595b64144ccf1df_6.0.18362.476_none_e6c4b11b130f2595\COMCTL32.dll
0x00007ffb85300000 - 0x00007ffb85636000 	C:\Windows\System32\combase.dll
0x00007ffb82b00000 - 0x00007ffb82b80000 	C:\Windows\System32\bcryptPrimitives.dll
0x00007ffb848f0000 - 0x00007ffb8491e000 	C:\Windows\System32\IMM32.DLL
0x0000000075c90000 - 0x0000000075d62000 	C:\Program Files\Java\jre1.8.0_231\bin\msvcr100.dll
0x0000000075d70000 - 0x0000000076616000 	C:\Program Files\Java\jre1.8.0_231\bin\server\jvm.dll
0x00007ffb856b0000 - 0x00007ffb856b8000 	C:\Windows\System32\PSAPI.DLL
0x00007ffb6f9a0000 - 0x00007ffb6f9a9000 	C:\Windows\SYSTEM32\WSOCK32.dll
0x00007ffb85640000 - 0x00007ffb856af000 	C:\Windows\System32\WS2_32.dll
0x00007ffb80360000 - 0x00007ffb80384000 	C:\Windows\SYSTEM32\WINMM.dll
0x00007ffb73670000 - 0x00007ffb7367a000 	C:\Windows\SYSTEM32\VERSION.dll
0x00007ffb7fc70000 - 0x00007ffb7fc9d000 	C:\Windows\SYSTEM32\WINMMBASE.dll
0x00007ffb83080000 - 0x00007ffb830ca000 	C:\Windows\System32\cfgmgr32.dll
0x00007ffb6f7d0000 - 0x00007ffb6f7df000 	C:\Program Files\Java\jre1.8.0_231\bin\verify.dll
0x00007ffb6edf0000 - 0x00007ffb6ee19000 	C:\Program Files\Java\jre1.8.0_231\bin\java.dll
0x00007ffb67640000 - 0x00007ffb67656000 	C:\Program Files\Java\jre1.8.0_231\bin\zip.dll
0x00007ffb83d90000 - 0x00007ffb84475000 	C:\Windows\System32\SHELL32.dll
0x00007ffb856c0000 - 0x00007ffb85769000 	C:\Windows\System32\shcore.dll
0x00007ffb83270000 - 0x00007ffb839ee000 	C:\Windows\System32\windows.storage.dll
0x00007ffb82a40000 - 0x00007ffb82a5f000 	C:\Windows\System32\profapi.dll
0x00007ffb82a60000 - 0x00007ffb82aaa000 	C:\Windows\System32\powrprof.dll
0x00007ffb82a10000 - 0x00007ffb82a20000 	C:\Windows\System32\UMPDC.dll
0x00007ffb858f0000 - 0x00007ffb85942000 	C:\Windows\System32\shlwapi.dll
0x00007ffb82ab0000 - 0x00007ffb82ac1000 	C:\Windows\System32\kernel.appcore.dll
0x00007ffb82c80000 - 0x00007ffb82c97000 	C:\Windows\System32\cryptsp.dll
0x00007ffb74c10000 - 0x00007ffb74c2a000 	C:\Program Files\Java\jre1.8.0_231\bin\net.dll
0x00007ffb82280000 - 0x00007ffb822e7000 	C:\Windows\system32\mswsock.dll
0x00007ffb81f90000 - 0x00007ffb81fca000 	C:\Windows\SYSTEM32\IPHLPAPI.DLL
0x00007ffb85af0000 - 0x00007ffb85af8000 	C:\Windows\System32\NSI.dll
0x00007ffb7bf20000 - 0x00007ffb7bf36000 	C:\Windows\SYSTEM32\dhcpcsvc6.DLL
0x00007ffb7bc60000 - 0x00007ffb7bc7c000 	C:\Windows\SYSTEM32\dhcpcsvc.DLL
0x00007ffb81fd0000 - 0x00007ffb8209a000 	C:\Windows\SYSTEM32\DNSAPI.dll
0x00007ffb805a0000 - 0x00007ffb805ad000 	C:\Program Files\Java\jre1.8.0_231\bin\management.dll
0x00007ffb59690000 - 0x00007ffb596a6000 	C:\Windows\system32\napinsp.dll
0x00007ffb59670000 - 0x00007ffb5968a000 	C:\Windows\system32\pnrpnsp.dll
0x00007ffb66e40000 - 0x00007ffb66e4e000 	C:\Windows\System32\winrnr.dll
0x00007ffb7f3c0000 - 0x00007ffb7f3dc000 	C:\Windows\system32\NLAapi.dll
0x00007ffb7c2a0000 - 0x00007ffb7c2b5000 	C:\Windows\system32\wshbth.dll
0x00007ffb77db0000 - 0x00007ffb77dba000 	C:\Windows\System32\rasadhlp.dll
0x00007ffb7ae90000 - 0x00007ffb7af07000 	C:\Windows\System32\fwpuclnt.dll
0x00007ffb82ad0000 - 0x00007ffb82af6000 	C:\Windows\System32\bcrypt.dll
0x00007ffb7b510000 - 0x00007ffb7b522000 	C:\Program Files\Java\jre1.8.0_231\bin\nio.dll
0x00007ffb81df0000 - 0x00007ffb81e23000 	C:\Windows\system32\rsaenh.dll
0x00007ffb82930000 - 0x00007ffb82955000 	C:\Windows\SYSTEM32\USERENV.dll
0x00007ffb82450000 - 0x00007ffb8245c000 	C:\Windows\SYSTEM32\CRYPTBASE.dll

VM Arguments:
jvm_args: -Dfile.encoding=UTF-8 
java_command: br.unifacisa.map.vehicles.VehiclesApplication
java_class_path (initial): C:\CODES\Facisa\Spring-Cloud\vehicles\target\classes;C:\Users\joaoz\.m2\repository\org\springframework\boot\spring-boot-starter-actuator\2.2.1.RELEASE\spring-boot-starter-actuator-2.2.1.RELEASE.jar;C:\Users\joaoz\.m2\repository\org\springframework\boot\spring-boot-starter\2.2.1.RELEASE\spring-boot-starter-2.2.1.RELEASE.jar;C:\Users\joaoz\.m2\repository\org\springframework\boot\spring-boot\2.2.1.RELEASE\spring-boot-2.2.1.RELEASE.jar;C:\Users\joaoz\.m2\repository\org\springframework\boot\spring-boot-autoconfigure\2.2.1.RELEASE\spring-boot-autoconfigure-2.2.1.RELEASE.jar;C:\Users\joaoz\.m2\repository\org\springframework\boot\spring-boot-starter-logging\2.2.1.RELEASE\spring-boot-starter-logging-2.2.1.RELEASE.jar;C:\Users\joaoz\.m2\repository\ch\qos\logback\logback-classic\1.2.3\logback-classic-1.2.3.jar;C:\Users\joaoz\.m2\repository\ch\qos\logback\logback-core\1.2.3\logback-core-1.2.3.jar;C:\Users\joaoz\.m2\repository\org\apache\logging\log4j\log4j-to-slf4j\2.12.1\log4j-to-slf4j-2.12.1.jar;C:\Users\joaoz\.m2\repository\org\apache\logging\log4j\log4j-api\2.12.1\log4j-api-2.12.1.jar;C:\Users\joaoz\.m2\repository\org\slf4j\jul-to-slf4j\1.7.29\jul-to-slf4j-1.7.29.jar;C:\Users\joaoz\.m2\repository\jakarta\annotation\jakarta.annotation-api\1.3.5\jakarta.annotation-api-1.3.5.jar;C:\Users\joaoz\.m2\repository\org\yaml\snakeyaml\1.25\snakeyaml-1.25.jar;C:\Users\joaoz\.m2\repository\org\springframework\boot\spring-boot-actuator-autoconfigure\2.2.1.RELEASE\spring-boot-actuator-autoconfigure-2.2.1.RELEASE.jar;C:\Users\joaoz\.m2\repository\org\springframework\boot\spring-boot-actuator\2.2.1.RELEASE\spring-boot-actuator-2.2.1.RELEASE.jar;C:\Users\joaoz\.m2\repository\org\springframework\spring-context\5.2.1.RELEASE\spring-context-5.2.1.RELEASE.jar;C:\Users\joaoz\.m2\repository\com\fasterxml\jackson\datatype\jackson-datatype-jsr310\2.10.0\jackson-datatype-jsr310-2.10.0.jar;C:\Users\joaoz\.m2\repository\io\micrometer\micrometer-core\1.3.1\micrometer-core-1.
Launcher Type: SUN_STANDARD

Environment Variables:
JAVA_HOME=C:\Program Files\Java\jdk1.8.0_212
PATH=C:/Program Files/Java/jre1.8.0_231/bin/server;C:/Program Files/Java/jre1.8.0_231/bin;C:/Program Files/Java/jre1.8.0_231/lib/amd64;C:\Program Files (x86)\Common Files\Oracle\Java\javapath;C:\Windows\system32;C:\Windows;C:\Windows\System32\Wbem;C:\Windows\System32\WindowsPowerShell\v1.0\;C:\Windows\System32\OpenSSH\;C:\Program Files\nodejs\;C:\Program Files\Maven\apache-maven-3.6.2\bin;C:\Program Files\Java\jdk1.8.0_212\bin;C:\Program Files\Git\cmd;C:\Users\joaoz\AppData\Local\Microsoft\WindowsApps;;C:\Users\joaoz\AppData\Local\Programs\Microsoft VS Code\bin;C:\Users\joaoz\AppData\Roaming\npm;C:\Windows\System32;
USERNAME=joaoz
OS=Windows_NT
PROCESSOR_IDENTIFIER=Intel64 Family 6 Model 78 Stepping 3, GenuineIntel



---------------  S Y S T E M  ---------------

OS: Windows 10.0 , 64 bit Build 18362 (10.0.18362.329)

CPU:total 4 (initial active 4) (2 cores per cpu, 2 threads per core) family 6 model 78 stepping 3, cmov, cx8, fxsr, mmx, sse, sse2, sse3, ssse3, sse4.1, sse4.2, popcnt, avx, avx2, aes, clmul, erms, 3dnowpref, lzcnt, ht, tsc, tscinvbit, bmi1, bmi2, adx

Memory: 4k page, physical 8251996k(1926020k free), swap 10200668k(4540k free)

vm_info: Java HotSpot(TM) 64-Bit Server VM (25.231-b11) for windows-amd64 JRE (1.8.0_231-b11), built on Oct  5 2019 03:11:30 by "java_re" with MS VC++ 10.0 (VS2010)

time: Wed Nov 27 14:29:50 2019
timezone: Hora oficial do Brasil
elapsed time: 14 seconds (0d 0h 0m 14s)

